<?xml version="1.0" encoding="UTF-8"?>
<!-- Generated by org.testng.reporters.JUnitXMLReporter -->
<testsuite hostname="DESKTOP-SHS08M3" ignored="0" name="mobile2" tests="1" failures="1" timestamp="16 Dec 2018 16:20:58 GMT" time="0.607" errors="0">
  <testcase name="initilize" time="0.591" classname="GcsApp.GcsLogin">
    <failure type="org.openqa.selenium.WebDriverException" message="It is impossible to create a new session because &amp;apos;createSession&amp;apos; which takes HttpClient, InputStream and long was not found or it is not accessible
Build info: version: &amp;apos;3.13.0&amp;apos;, revision: &amp;apos;2f0d292&amp;apos;, time: &amp;apos;2018-06-25T15:24:21.231Z&amp;apos;
System info: host: &amp;apos;DESKTOP-SHS08M3&amp;apos;, ip: &amp;apos;169.254.199.201&amp;apos;, os.name: &amp;apos;Windows 8.1&amp;apos;, os.arch: &amp;apos;amd64&amp;apos;, os.version: &amp;apos;6.3&amp;apos;, java.version: &amp;apos;1.8.0_20&amp;apos;
Driver info: driver.version: AndroidDriver">
      <![CDATA[org.openqa.selenium.WebDriverException: It is impossible to create a new session because 'createSession' which takes HttpClient, InputStream and long was not found or it is not accessibleBuild info: version: '3.13.0', revision: '2f0d292', time: '2018-06-25T15:24:21.231Z'System info: host: 'DESKTOP-SHS08M3', ip: '169.254.199.201', os.name: 'Windows 8.1', os.arch: 'amd64', os.version: '6.3', java.version: '1.8.0_20'Driver info: driver.version: AndroidDriverat io.appium.java_client.remote.AppiumCommandExecutor$1.createSession(AppiumCommandExecutor.java:195)at io.appium.java_client.remote.AppiumCommandExecutor.createSession(AppiumCommandExecutor.java:209)at io.appium.java_client.remote.AppiumCommandExecutor.execute(AppiumCommandExecutor.java:231)at org.openqa.selenium.remote.RemoteWebDriver.execute(RemoteWebDriver.java:548)at io.appium.java_client.DefaultGenericMobileDriver.execute(DefaultGenericMobileDriver.java:42)at io.appium.java_client.AppiumDriver.execute(AppiumDriver.java:1)at io.appium.java_client.android.AndroidDriver.execute(AndroidDriver.java:1)at org.openqa.selenium.remote.RemoteWebDriver.startSession(RemoteWebDriver.java:212)at org.openqa.selenium.remote.RemoteWebDriver.<init>(RemoteWebDriver.java:130)at io.appium.java_client.DefaultGenericMobileDriver.<init>(DefaultGenericMobileDriver.java:38)at io.appium.java_client.AppiumDriver.<init>(AppiumDriver.java:84)at io.appium.java_client.AppiumDriver.<init>(AppiumDriver.java:94)at io.appium.java_client.android.AndroidDriver.<init>(AndroidDriver.java:93)at GcsApp.GcsLogin.initilize(GcsLogin.java:33)at io.appium.java_client.remote.AppiumCommandExecutor$1.createSession(AppiumCommandExecutor.java:185)... 38 moreCaused by: org.openqa.selenium.WebDriverException: An unknown server-side error occurred while processing the command. Original error: Error executing adbExec. Original error: 'Command 'F\:\\ANDROID_SDK\\platform-tools\\adb.exe -P 5037 -s a13f32d2 shell pm list packages com.schneiderelectric.cfsupport' exited with code 1'; Stderr: 'error: device still connecting'; Code: '1'Build info: version: '3.13.0', revision: '2f0d292', time: '2018-06-25T15:24:21.231Z'System info: host: 'DESKTOP-SHS08M3', ip: '169.254.199.201', os.name: 'Windows 8.1', os.arch: 'amd64', os.version: '6.3', java.version: '1.8.0_20'Driver info: driver.version: AndroidDriverremote stacktrace: UnknownError: An unknown server-side error occurred while processing the command. Original error: Error executing adbExec. Original error: 'Command 'F\:\\ANDROID_SDK\\platform-tools\\adb.exe -P 5037 -s a13f32d2 shell pm list packages com.schneiderelectric.cfsupport' exited with code 1'; Stderr: 'error: device still connecting'; Code: '1'    at getResponseForW3CError (C:\Program Files (x86)\Appium\resources\app\node_modules\appium\node_modules\appium-base-driver\lib\protocol\errors.js:806:13)    at asyncHandler$ (C:\Program Files (x86)\Appium\resources\app\node_modules\appium\node_modules\appium-base-driver\lib\protocol\protocol.js:361:37)    at tryCatch (C:\Program Files (x86)\Appium\resources\app\node_modules\appium\node_modules\babel-runtime\regenerator\runtime.js:67:40)    at GeneratorFunctionPrototype.invoke [as _invoke] (C:\Program Files (x86)\Appium\resources\app\node_modules\appium\node_modules\babel-runtime\regenerator\runtime.js:315:22)    at GeneratorFunctionPrototype.prototype.(anonymous function) [as next] (C:\Program Files (x86)\Appium\resources\app\node_modules\appium\node_modules\babel-runtime\regenerator\runtime.js:100:21)    at GeneratorFunctionPrototype.invoke (C:\Program Files (x86)\Appium\resources\app\node_modules\appium\node_modules\babel-runtime\regenerator\runtime.js:136:37)    at <anonymous>at org.openqa.selenium.remote.W3CHandshakeResponse.lambda$new$0(W3CHandshakeResponse.java:57)at org.openqa.selenium.remote.W3CHandshakeResponse$$Lambda$182/1037670224.apply(Unknown Source)at org.openqa.selenium.remote.W3CHandshakeResponse.lambda$getResponseFunction$2(W3CHandshakeResponse.java:104)at org.openqa.selenium.remote.W3CHandshakeResponse$$Lambda$184/1957159406.apply(Unknown Source)at org.openqa.selenium.remote.ProtocolHandshake.lambda$createSession$0(ProtocolHandshake.java:123)at org.openqa.selenium.remote.ProtocolHandshake$$Lambda$185/115338882.apply(Unknown Source)at java.util.stream.ReferencePipeline$3$1.accept(ReferencePipeline.java:193)at java.util.Spliterators$ArraySpliterator.tryAdvance(Spliterators.java:958)at java.util.stream.ReferencePipeline.forEachWithCancel(ReferencePipeline.java:126)at java.util.stream.AbstractPipeline.copyIntoWithCancel(AbstractPipeline.java:529)at java.util.stream.AbstractPipeline.copyInto(AbstractPipeline.java:516)at java.util.stream.AbstractPipeline.wrapAndCopyInto(AbstractPipeline.java:502)at java.util.stream.FindOps$FindOp.evaluateSequential(FindOps.java:152)at java.util.stream.AbstractPipeline.evaluate(AbstractPipeline.java:234)at java.util.stream.ReferencePipeline.findFirst(ReferencePipeline.java:464)at org.openqa.selenium.remote.ProtocolHandshake.createSession(ProtocolHandshake.java:126)... 43 more... Removed 34 stack frames]]>
    </failure>
  </testcase> <!-- initilize -->
</testsuite> <!-- mobile2 -->
