<?xml version="1.0" encoding="UTF-8"?>
<!-- Generated by org.testng.reporters.JUnitXMLReporter -->
<testsuite hostname="DESKTOP-SHS08M3" ignored="0" name="mobile1" tests="1" failures="1" timestamp="16 Dec 2018 16:20:57 GMT" time="36.029" errors="0">
  <testcase name="initilize" time="35.886" classname="GcsApp.GcsLogin">
    <failure type="org.openqa.selenium.WebDriverException" message="An unknown server-side error occurred while processing the command. Original error: Unknown error
Build info: version: &amp;apos;3.13.0&amp;apos;, revision: &amp;apos;2f0d292&amp;apos;, time: &amp;apos;2018-06-25T15:24:21.231Z&amp;apos;
System info: host: &amp;apos;DESKTOP-SHS08M3&amp;apos;, ip: &amp;apos;169.254.199.201&amp;apos;, os.name: &amp;apos;Windows 8.1&amp;apos;, os.arch: &amp;apos;amd64&amp;apos;, os.version: &amp;apos;6.3&amp;apos;, java.version: &amp;apos;1.8.0_20&amp;apos;
Driver info: io.appium.java_client.android.AndroidDriver
Capabilities {appActivity: com.schneiderelectric.cfsup..., appPackage: com.schneiderelectric.cfsup..., databaseEnabled: false, desired: {appActivity: com.schneiderelectric.cfsup..., appPackage: com.schneiderelectric.cfsup..., deviceName: Note3, noReset: true, platformName: android, platformVersion: 5.1.0, udid: 48ec5ac87d43}, deviceManufacturer: Xiaomi, deviceModel: Redmi 3S, deviceName: 48ec5ac87d43, deviceScreenSize: 720x1280, deviceUDID: 48ec5ac87d43, javascriptEnabled: true, locationContextEnabled: false, networkConnectionEnabled: true, noReset: true, platform: LINUX, platformName: Android, platformVersion: 6.0.1, takesScreenshot: true, udid: 48ec5ac87d43, warnings: {}, webStorageEnabled: false}
Session ID: ea9bebf1-0af8-44d5-b313-14bea6ba1366">
      <![CDATA[org.openqa.selenium.WebDriverException: An unknown server-side error occurred while processing the command. Original error: Unknown errorBuild info: version: '3.13.0', revision: '2f0d292', time: '2018-06-25T15:24:21.231Z'System info: host: 'DESKTOP-SHS08M3', ip: '169.254.199.201', os.name: 'Windows 8.1', os.arch: 'amd64', os.version: '6.3', java.version: '1.8.0_20'Driver info: io.appium.java_client.android.AndroidDriverCapabilities {appActivity: com.schneiderelectric.cfsup..., appPackage: com.schneiderelectric.cfsup..., databaseEnabled: false, desired: {appActivity: com.schneiderelectric.cfsup..., appPackage: com.schneiderelectric.cfsup..., deviceName: Note3, noReset: true, platformName: android, platformVersion: 5.1.0, udid: 48ec5ac87d43}, deviceManufacturer: Xiaomi, deviceModel: Redmi 3S, deviceName: 48ec5ac87d43, deviceScreenSize: 720x1280, deviceUDID: 48ec5ac87d43, javascriptEnabled: true, locationContextEnabled: false, networkConnectionEnabled: true, noReset: true, platform: LINUX, platformName: Android, platformVersion: 6.0.1, takesScreenshot: true, udid: 48ec5ac87d43, warnings: {}, webStorageEnabled: false}Session ID: ea9bebf1-0af8-44d5-b313-14bea6ba1366at org.openqa.selenium.remote.http.W3CHttpResponseCodec.createException(W3CHttpResponseCodec.java:187)at org.openqa.selenium.remote.http.W3CHttpResponseCodec.decode(W3CHttpResponseCodec.java:122)at org.openqa.selenium.remote.http.W3CHttpResponseCodec.decode(W3CHttpResponseCodec.java:49)at org.openqa.selenium.remote.HttpCommandExecutor.execute(HttpCommandExecutor.java:158)at io.appium.java_client.remote.AppiumCommandExecutor.execute(AppiumCommandExecutor.java:231)at org.openqa.selenium.remote.RemoteWebDriver.execute(RemoteWebDriver.java:548)at io.appium.java_client.DefaultGenericMobileDriver.execute(DefaultGenericMobileDriver.java:42)at io.appium.java_client.AppiumDriver.execute(AppiumDriver.java:1)at io.appium.java_client.android.AndroidDriver.execute(AndroidDriver.java:1)at org.openqa.selenium.remote.RemoteWebElement.execute(RemoteWebElement.java:276)at io.appium.java_client.DefaultGenericMobileElement.execute(DefaultGenericMobileElement.java:45)at io.appium.java_client.MobileElement.execute(MobileElement.java:1)at io.appium.java_client.android.AndroidElement.execute(AndroidElement.java:1)at org.openqa.selenium.remote.RemoteWebElement.sendKeys(RemoteWebElement.java:100)at GcsApp.GcsLogin.initilize(GcsLogin.java:39)at java.util.concurrent.ThreadPoolExecutor.runWorker(ThreadPoolExecutor.java:1142)at java.util.concurrent.ThreadPoolExecutor$Worker.run(ThreadPoolExecutor.java:617)at java.lang.Thread.run(Thread.java:745)... Removed 14 stack frames]]>
    </failure>
  </testcase> <!-- initilize -->
</testsuite> <!-- mobile1 -->
