<?xml version="1.0" encoding="UTF-8"?>
<testng-results skipped="0" failed="0" ignored="0" total="1" passed="1">
  <reporter-output>
  </reporter-output>
  <suite name="Default suite" duration-ms="113522" started-at="2018-08-06T15:51:19Z" finished-at="2018-08-06T15:53:12Z">
    <groups>
    </groups>
    <test name="Default test" duration-ms="113522" started-at="2018-08-06T15:51:19Z" finished-at="2018-08-06T15:53:12Z">
      <class name="Contacts.ScrollToContact">
        <test-method status="PASS" signature="initilize()[pri:0, instance:Contacts.ScrollToContact@1a968a59]" name="initilize" is-config="true" duration-ms="68771" started-at="2018-08-06T21:21:19Z" finished-at="2018-08-06T21:22:28Z">
          <reporter-output>
          </reporter-output>
        </test-method> <!-- initilize -->
        <test-method status="PASS" signature="scrollandDelete()[pri:0, instance:Contacts.ScrollToContact@1a968a59]" name="scrollandDelete" duration-ms="44709" started-at="2018-08-06T21:22:28Z" finished-at="2018-08-06T21:23:12Z">
          <reporter-output>
          </reporter-output>
        </test-method> <!-- scrollandDelete -->
      </class> <!-- Contacts.ScrollToContact -->
    </test> <!-- Default test -->
  </suite> <!-- Default suite -->
</testng-results>
